F1  XXR00C CLOSED
BG  // JOB DEMOUTIL CDTP-SORT-TPPR
   12.03.16
BG  7905I    RCD IN 0000023, OUT 0000023, ESTIMATED 0000000
BG  7101I    END SORT PH
BG  7905I    RCD IN 0000023, OUT 0000023, ESTIMATED 0000000
BG  7302I    EOJ
BG  EOJ DEMOUTIL
   12.10.54,DURATION 00.07.37
F1  $BG WAITING FOR WORK
F1  XXR00C CLOSED
F2  // JOB DEMOECLP ECLIPTIC COORDINATE TABLE
   12.10.54
F2  EOJ DEMOECLP
   12.11.03,DURATION 00.00.09
F1  $F2 WAITING FOR WORK
BG  // JOB DEMOPRIM PRINE NUMBER GENERATOR
   12.11.03
F1  XXR00C CLOSED
BG  EOJ DEMOPRIM
   12.11.10,DURATION 00.00.07
BG  // JOB DEMOPRIM RESTART PRIME NUMBER GENERATOR
   12.11.10
BG  * // MTC REW,SYS000
BG  * // RSTRT SYS000,1
BG  EOJ DEMOPRIM
   12.11.10,DURATION 00.00.00
F1  $BG WAITING FOR WORK
F1  XXR00C CLOSED
BG  // JOB DEMORPG - SAMPLE RPG PROGRAM
   12.11.18
BG  // PAUSE
BG
BG  // PAUSE
BG
BG  EOJ DEMORPG
   12.11.28,DURATION 00.00.10
F1  $BG WAITING FOR WORK
F1  XXR00C CLOSED
BG  // JOB DEMOCOBF SAMPLE ANS COBOL PROGRAM
   12.11.28
BG  EOJ DEMOCOBF
   12.13.08,DURATION 00.01.39
F1  $BG WAITING FOR WORK
F1  XXR00C CLOSED
BG  // JOB DEMOCBRS SAMPLE ANS COBOL PROGRAM - REPORT WRITER AND SORT
   12.13.08
BG  0C00I  CHKPT NO. 0001 WAS TAKEN ON SYS000=192
BG  7905I    RCD IN 0000000, OUT 0000008, ESTIMATED 0000000
BG  7906I    RCD INSERT 0000008, DELETE 0000000
BG  7101I    END SORT PH
BG  0C00I  CHKPT NO. 0002 WAS TAKEN ON SYS000=192
BG  7905I    RCD IN 0000008, OUT 0000000, ESTIMATED 0000000
BG  7906I    RCD INSERT 0000000, DELETE 0000008
BG  7302I    EOJ
BG  EOJ DEMOCBRS
   12.13.22,DURATION 00.00.14
BG  // JOB DEMOCBRS RESTART FROM CHECKPOINT 2
   12.13.22
BG  7905I    RCD IN 0000008, OUT 0000000, ESTIMATED 0000000
BG  7906I    RCD INSERT 0000000, DELETE 0000008
BG  7302I    EOJ
BG  EOJ DEMOCBRS
   12.13.22,DURATION 00.00.00
F1  $BG WAITING FOR WORK
F1  XXR00C CLOSED
BG  // JOB DEMOLOAN PRINT LOAN REPAYMENT SCHEDULE
   12.13.22
BG  EOJ DEMOLOAN
   12.13.32,DURATION 00.00.09
F1  $BG WAITING FOR WORK
F1  XXR00C CLOSED
BG  // JOB DEMOGRPH PRINT GRAPH OF A FUNCTION
   12.13.32
BG  EOJ DEMOGRPH
   12.13.47,DURATION 00.00.14
F1  $BG WAITING FOR WORK
F1  XXR00C CLOSED
BG  // JOB DEMOSMPX LINEAR PROGRAMMING SIMPLEX METHOD
   12.13.47
BG  EOJ DEMOSMPX
   12.13.57,DURATION 00.00.09
F1  $BG WAITING FOR WORK
F1  XXR00C CLOSED
BG  // JOB DEMORAND SELECT RANDOM RECORDS
   12.13.57
BG  EOJ DEMORAND
   12.14.05,DURATION 00.00.08
F1  $BG WAITING FOR WORK
F1  XXR00C CLOSED
BG  // JOB DEMOFADV DEMO FORTRAN ADVANCED CONCEPTS
   12.14.05
BG  * DIRECT ACCESS, DEBUG, NAMELIST, OBJ.TIME FORMATS
BG  * WORK FILES, UNFORMATTED I/O, OVERLAY, ALT.UNIT TABLE
BG  *
BG  * BUILD A SEQUENTIAL FILE TO BE ACCESSED BY FORTRAN IV DIRECT ACCESS
BG  JOB FINISHED
BG  EOJ DEMOFADV
   12.14.19,DURATION 00.00.14
F1  $BG WAITING FOR WORK
F1  XXR00C CLOSED
BG  // JOB DEMOECLP ECLIPTIC COORDINATE TABLE
   12.14.19
BG  EOJ DEMOECLP
   12.14.37,DURATION 00.00.17
F1  $BG WAITING FOR WORK
F1  XXR00C CLOSED
BG  // JOB DEMOPLI SAMPLE PL/I PROGRAM
   12.14.37
BG  EOJ DEMOPLI
   12.14.43,DURATION 00.00.05
F1  $BG WAITING FOR WORK
F1  XXR00C CLOSED
BG  // JOB DEMOPRIM PRIME NUMBERS
   12.14.43
BG  JOB IS FINISHED
BG  EOJ DEMOPRIM
   12.14.58,DURATION 00.00.14
F1  $BG WAITING FOR WORK
F1  XXR00C CLOSED
BG  // JOB DEMORASF SAMPLE RPG-ASSEMBLY-FORTRAN
   12.14.58
BG  EOJ DEMORASF
   12.15.07,DURATION 00.00.09
F1  $BG WAITING FOR WORK
F1  XXR00C CLOSED
BG  // JOB DEMOADDO DEMO ADDROUT CONCEPT
   12.15.07
BG  * BUILD A SEQUENTIAL DISK FILE IN EMPLOYEE NUMBER ORDER
BG  * USE SORT TO READ THE FILE AND BUILD THE ADDRESS OUT FILE
BG  7905I    RCD IN 0000049, OUT 0000049, ESTIMATED 0000000
BG  7101I    END SORT PH
BG  7905I    RCD IN 0000049, OUT 0000049, ESTIMATED 0000000
BG  7302I    EOJ
BG  * PRINT THE ADDRESS OUT FILE SO YOU CAN SEE IT
BG  * READ FILES USING ASSEMBLER PIOCS
BG  // PAUSE
BG
BG  // PAUSE
BG
BG  * READ FILES USING ASSEMBLER LIOCS-SAM
BG  * READ FILE USING ASSEMBLER LIOCS-DAM
BG  * READ FILE USING RPG LIOCS-DAM
BG  EOJ DEMOADDO
   12.15.22,DURATION 00.00.15
F1  $BG WAITING FOR WORK
F1  XXR00C CLOSED
BG  // JOB DEMOSAMC DEMONSTRATE DISK SEQUENTIAL ACCESS METHOD-CREATE
   12.15.22
BG  EOJ DEMOSAMC
   12.16.05,DURATION 00.00.42
BG  // JOB DEMOSAMR DEMONSTRATE DISK SEQUENTIAL ACCESS METHOD-RETRIEVE
   12.16.05
BG  EOJ DEMOSAMR
   12.16.06,DURATION 00.00.00
F1  $BG WAITING FOR WORK
F1  XXR00C CLOSED
BG  // JOB DEMODAMC DEMONSTRATE DIRECT ACCESS METHOD-CREATE
   12.16.06
BG  * // DLBL IJSYSIN,'DEMO.DAM.FILE.BACKUP'  TO RECREATE THE FILE FROM BACK
BG  * // EXTENT SYSIPT,WRK14A
BG  * ASSGN SYSIPT,X'192'
BG  * CLOSE SYSIPT,X'00C'
BG  * DISPLAY THE FILE TO SEE HOW IT WAS BUILT
BG  EOJ DEMODAMC
   12.16.19,DURATION 00.00.13
BG  // JOB DEMODAMB DAM-SEQUENTIAL RETRIEVE (BACKUP)-LIOCS
   12.16.19
BG  EOJ DEMODAMB
   12.16.21,DURATION 00.00.01
BG  // JOB DEMODAMB DAM-SEQUENTIAL RETRIEVE (BACKUP)-PIOCS
   12.16.21
BG  EOJ DEMODAMB
   12.16.21,DURATION 00.00.00
BG  // JOB DEMODAMR DEMONSTRATE DIRECT ACCESS METHOD-RAN.RETRIEVE
   12.16.21
BG  EOJ DEMODAMR
   12.16.22,DURATION 00.00.01
BG  // JOB DEMODRPG DEMONSTRATE DIRECT ACCESS METHOD-RAN.RETRIEVE-RPG
   12.16.22
BG  EOJ DEMODRPG
   12.16.23,DURATION 00.00.00
BG  // JOB DEMODCOB DEMONSTRATE DIRECT ACCESS METHOD-RAN.RETRIEVE-COBOL
   12.16.23
BG  EOJ DEMODCOB
   12.16.24,DURATION 00.00.00
F1  $BG WAITING FOR WORK
F1  XXR00C CLOSED
BG  // JOB DEMOISAC DEMONSTRATE ISAM ASSEMBLER CREATE
   12.16.24
BG  EOJ DEMOISAC
   12.16.33,DURATION 00.00.09
BG  // JOB DEMOISAS DEMONSTRATE ISAM ASSEMBLER SEQ. RETRIEVE
   12.16.33
BG  EOJ DEMOISAS
   12.16.34,DURATION 00.00.00
BG  // JOB DEMOISAR DEMONSTRATE ISAM ASSEMBLER RANDOM RETRIEVAL
   12.16.34
BG  EOJ DEMOISAR
   12.16.34,DURATION 00.00.00
BG  // JOB DEMOISRR DEMONSTRATE ISAM RPG RANDOM RETRIEVE
   12.16.34
BG  EOJ DEMOISRR
   12.16.35,DURATION 00.00.00
BG  // JOB DEMOISCR DEMONSTRATE ISAM FCOBOL RANDOM RETRIEVE
   12.16.35
BG  EOJ DEMOISCR
   12.16.36,DURATION 00.00.00
BG  // JOB DEMOISPR ISAM PL/I RANDOM RETRIEVE
   12.16.36
BG  EOJ DEMOISPR
   12.16.37,DURATION 00.00.00
F1  $BG WAITING FOR WORK
F1  XXR00C CLOSED
BG  // JOB DEMO3270 SUN LOCATION - SAMPLE DOS 3270 PROGRAM
   12.16.37
BG  // PAUSE
BG
BG  // PAUSE
BG
BG  // PAUSE CREATE TWO 3270 TERMINALS
BG
BG  EOJ DEMO3270
   12.17.38,DURATION 00.01.01
F1  $BG WAITING FOR WORK
F1  XXR00C CLOSED
BG  // JOB DEMOBTAM SUN LOCATION - SAMPLE DOS BTAM LOCAL 3270 PROGRAM
   12.17.38
BG  // PAUSE
BG
BG  // PAUSE
BG
BG  // PAUSE CREATE TWO 3270 TERMINALS
BG
BG  EOJ DEMOBTAM
   12.18.05,DURATION 00.00.27
F1  $BG WAITING FOR WORK
e
AR  1I60A  READY FOR COMMUNICATIONS.
AR  F1  XXR00C STOPPED
F1  XXP00D STOPPED
F1  XXT00E STOPPED
F1  EOJ POWER
   12.18.59,DURATION 00.18.26
F1  1C10A  PLEASE ASSIGN SYSRDR.
F1  unbatch
F2  1C10A  PLEASE ASSIGN SYSRDR.
F2  unbatch
BG  1C10A  PLEASE ASSIGN SYSRDR.
BG  stop
