CONTROL CARD ANALYSIS AND LABEL CHECKING
UTILITY MODIFIER CARD
// UID IR,C1
SURFACE ANALYSIS AND HA-R0 GENERATION
SYSOPT
LAB CYL CREATION
SYSOPT
// VTOC STRTADR=(0199000),EXTENT=(10)
VOL1RES11A
EOJ
CONTROL CARD ANALYSIS AND LABEL CHECKING
UTILITY MODIFIER CARD
// UID IR,C1
SURFACE ANALYSIS AND HA-R0 GENERATION
SYSOPT
LAB CYL CREATION
SYSOPT
// VTOC STRTADR=(0199000),EXTENT=(10)
VOL1RES11B
EOJ
DISTRIBUTION PROGRAM
RESTORE FUNCTION
* DOS SYSTEM/360 RELEASE 26.2 SYSRES 2311 VOLUMES 1 & 2
DOS.SYSRES.FILE.VOLUME.1
THIS FILE FOR SYS000
4307A
22
DOS.SYSRES.FILE.VOLUME.1
015331 RECORDS RESTORED FOR ABOVE FILE
3007
SWITCHING TO SYS001
4308A
22
DOS.SYSRES.FILE.VOLUME.2
THIS FILE FOR SYS001
4307A
222
22
DOS.SYSRES.FILE.VOLUME.2
024425 RECORDS RESTORED FOR ABOVE FILE
3007
END OF JOB
3008
0280
2E0F
4022A
CONTROL CARD ANALYSIS AND LABEL CHECKING
UTILITY MODIFIER CARD
// UID IR,C1
SURFACE ANALYSIS AND HA-R0 GENERATION
SYSOPT
LAB CYL CREATION
SYSOPT
// VTOC STRTADR=(0199000),EXTENT=(10)
VOL1RES11C
EOJ
DISTRIBUTION PROGRAM
RESTORE FUNCTION
* DOS SYSTEM/360 RELEASE 26.2 SYSRES 2311 VOLUME 3
DOS.SYSRES.FILE.VOLUME.3
THIS FILE FOR SYS000
4307A
22
DOS.SYSRES.FILE.VOLUME.3
000752 RECORDS RESTORED FOR ABOVE FILE
3007
DOS.SYSRLB.FILE.VOLUME.3
THIS FILE FOR SYS000
4307A
22
DOS.SYSRLB.FILE.VOLUME.3
003320 RECORDS RESTORED FOR ABOVE FILE
3007
DOS.SYSSLB.FILE.VOLUME.3
THIS FILE FOR SYS000
4307A
22
DOS.SYSSLB.FILE.VOLUME.3
014499 RECORDS RESTORED FOR ABOVE FILE
3007
END OF JOB
3008
0281
2E0F
4022A
 
CONTROL CARD ANALYSIS AND LABEL CHECKING
UTILITY MODIFIER CARD
// UID IR,C1
SURFACE ANALYSIS AND HA-R0 GENERATION
SYSOPT
LAB CYL CREATION
SYSOPT
// VTOC STRTADR=(0199010),EXTENT=(10)
VOL1DOSRES
EOJ
CONTROL CARD ANALYSIS AND LABEL CHECKING
UTILITY MODIFIER CARD
// UID IR,C1
SURFACE ANALYSIS AND HA-R0 GENERATION
SYSOPT
LAB CYL CREATION
SYSOPT
// VTOC STRTADR=(0199010),EXTENT=(10)
VOL1DOSRES
EOJ
CONTROL CARD ANALYSIS AND LABEL CHECKING
UTILITY MODIFIER CARD
// UID IR,C1
SURFACE ANALYSIS AND HA-R0 GENERATION
SYSOPT
LAB CYL CREATION
SYSOPT
// VTOC STRTADR=(0199010),EXTENT=(10)
VOL1SPOOL1
EOJ
CONTROL CARD ANALYSIS AND LABEL CHECKING
UTILITY MODIFIER CARD
// UID IR,C1
SURFACE ANALYSIS AND HA-R0 GENERATION
SYSOPT
LAB CYL CREATION
SYSOPT
// VTOC STRTADR=(0199010),EXTENT=(10)
VOL1WRK14A
EOJ
CONTROL CARD ANALYSIS AND LABEL CHECKING
UTILITY MODIFIER CARD
// UID IR,C1
SURFACE ANALYSIS AND HA-R0 GENERATION
SYSOPT
LAB CYL CREATION
SYSOPT
// VTOC STRTADR=(0199010),EXTENT=(10)
VOL1WRK14B
EOJ
