0I20I DOS IPL COMPLETE
ASSGN SYSRDR,X'00C'
ASSGN SYSIPT,X'00C'
ASSGN SYSPCH,X'00D'
ASSGN SYSLST,X'00E'
1C00A  ATTN. 0 0C.
 
// JOB MIGR01A ASSIGN SYSPCH TO TAPE
00.00.20
* SCRATCH TAPE ON 280, LABEL AS MIGRATE ALL
MTC REW,X'280'
MTC WTM,X'280',5
MTC REW,X'280'
ASSGN SYSPCH,X'280'
EOJ MIGR01A
00.00.20,DURATION 00.00.00
// JOB MIGR01C  DUMP ANS COBOL & SORT FROM RES11C
00.00.20
// DLBL IJSYSRL,'DOS.SYSRLB.FILE.VOLUME.3',99/365,SD
// EXTENT SYSRLB,RES11C,1,1,1340,640
// ASSGN SYSRLB,X'132'
// EXEC RSERV
EOJ MIGR01C
00.00.22,DURATION 00.00.02
// JOB MIGR01E  DUMP 14XX EMU'S, AUTOTEST, FROM RES11C
00.00.22
// DLBL IJSYSRL,'DOS.SYSRLB.FILE.VOLUME.3',99/365,SD
// EXTENT SYSRLB,RES11C,1,1,1340,640
// DLBL IJSYSSL,'DOS.SYSSLB.FILE.VOLUME.3',99/365,SD
// EXTENT SYSSLB,RES11C,1,1,340,1000
// ASSGN SYSRLB,X'132'
// ASSGN SYSSLB,X'132'
// EXEC RSERV
// EXEC SSERV
EOJ MIGR01E
00.00.31,DURATION 00.00.08
// JOB MIGR01F   DUMP 1401 EMULATOR PHASES, COBOL TRANSIENTS
00.00.31
// DLBL IJSYSRS,'DOS.SYSRES.FILE.VOLUME.3',99/365,SD
// EXTENT SYSRES,RES11C,1,1,1,339
// EXEC CSERV
EOJ MIGR01F
00.00.31,DURATION 00.00.00
ASSGN SYSPCH,X'00D'
MTC WTM,X'280',5
MTC REW,X'280'
1C00A  ATTN. 0 0C.
 
// JOB MIGR02   COPY/CONVERT 2311 RES11A(130) TO 2314 WRK14A(192)
00.01.02
// DLBL IJSYS01,'DOS.WORKFILE.001',0,SD
// EXTENT SYS001,WRK14A,1,1,600,300
// DLBL IJSYS02,'DOS.WORKFILE.002',0,SD
// EXTENT SYS002,WRK14A,1,1,900,300
// DLBL IJSYS03,'DOS.WORKFILE.003',0,SD
// EXTENT SYS003,WRK14A,1,1,1200,300
// DLBL IJSYSLN,'DOS.WORKFILE.LNK',0,SD
// EXTENT SYSLNK,WRK14A,1,1,1500,300
// DLBL IJSYSSL,'DOS.SYSRES.FILE.VOLUME.2',,SD
// EXTENT SYSSLB,RES11B,1,1,330,1650
// ASSGN SYS001,X'192'
// ASSGN SYS002,X'192'
// ASSGN SYS003,X'192'
// ASSGN SYSLNK,X'192'
// ASSGN SYSSLB,X'131'   RES11B PRV SLB
// OPTION LINK,NODECK,XREF,DUMP
* ASSEMBLE AND LINK CVT11RES
// EXEC ASSEMBLY
// EXEC LNKEDT
// RESET SYS001
// RESET SYS002
// RESET SYS003
* START EXEC CVT11RES
// ASSGN SYS004,X'130'
// DLBL RES2311,'DOS.SYSRES.FILE.VOLUME.1'
// EXTENT SYS004,RES11A
// ASSGN SYS005,X'131'
// DLBL SLB2311,'DOS.SYSRES.FILE.VOLUME.2'
// EXTENT SYS005,RES11B
// ASSGN SYS006,X'190'
// DLBL RES2314,'DOSRES.262.SYSTEM.RESIDENCE',0
// EXTENT SYS006,DOSRES,,,1,3979
// EXEC
VT11RES 00420 PHASES
CVT11RES 01399 RELO MODULES, 14599 RELO BLOCKS
CVT11RES 00347 SOURCE BOOKS, 23523 SOURCE BLOCKS
CVT11RES NORMAL EOJ
EOJ MIGR02
00.01.27,DURATION 00.00.24
1C00A  ATTN. 0 0C.
1C00A  ATTN. 0 0C.
 
0I20I DOS IPL COMPLETE
ASSGN SYSRDR,X'00C'
ASSGN SYSIPT,X'00C'
ASSGN SYSPCH,X'00D'
ASSGN SYSLST,X'00E'
ASSGN SYS001,X'192'
ASSGN SYS002,X'192'
ASSGN SYS003,X'192'
ASSGN SYSLNK,X'192'
1C00A  ATTN. 0 0C.
 
// JOB MIGR03A   RE-ALLOC DOSRES
00.00.21
* CREATE PRIVATE RELO AND SOURCE ON SPOOL1 FOR EMULATORS
// DLBL IJSYSRL,'DOS.SYSRLB.FILE.VOLUME.3',99/365,SD
// EXTENT SYSRLB,SPOOL1,1,1,3320,100
// DLBL IJSYSSL,'DOS.SYSSLB.FILE.VOLUME.3',99/365,SD
// EXTENT SYSSLB,SPOOL1,1,1,3420,560
// ASSGN SYSRLB,X'191'
// ASSGN SYSSLB,X'191'
// EXEC CORGZ
EOJ MIGR03A
00.00.21,DURATION 00.00.00
// JOB MIGR03B   LOAD STDLABEL DOSRES
00.00.21
// OPTION STDLABEL
// DLBL IJSYSLN,'DOS.BG.WORKFILE.LNK',0,SD
// EXTENT SYSLNK,WRK14A,1,1,1400,300
// DLBL IJSYS01,'DOS.BG.WORKFILE.001',0,SD
// EXTENT SYS001,WRK14A,1,1,1700,300
// DLBL IJSYS02,'DOS.BG.WORKFILE.002',0,SD
// EXTENT SYS002,WRK14A,1,1,2000,300
// DLBL IJSYS03,'DOS.BG.WORKFILE.003',0,SD
// EXTENT SYS003,WRK14A,1,1,2300,300
// DLBL IJSYS04,'DOS.BG.WORKFILE.004',0,SD
// EXTENT SYS004,WRK14A,1,1,2600,300
// DLBL SORTWK1,'DOS.BG.WORKFILE.001',0,SD
// EXTENT SYS003,WRK14A,1,1,1700,300
// DLBL SORTWK2,'DOS.BG.WORKFILE.002',0,SD
// EXTENT SYS004,WRK14A,1,1,2000,300
// DLBL SORTWK3,'DOS.BG.WORKFILE.003',0,SD
// EXTENT SYS005,WRK14A,1,1,2300,300
// DLBL SORTWK4,'DOS.BG.WORKFILE.004',0,SD
// EXTENT SYS006,WRK14A,1,1,2600,300
*    SYSTEM RESIDENCE FILE
// DLBL IJSYSRS,'DOSRES.262.SYSTEM.RESIDENCE',99/365,SD
// EXTENT SYSRES,DOSRES,1,1,1,3979
// OPTION USRLABEL
EOJ MIGR03B
00.00.21,DURATION 00.00.00
* MOUNT MIGRATE ON X'280'
// JOB MIGR03C  LOAD RELO & SOURCE FROM RES11B AND RES11C
00.00.21
// ASSGN SYSIPT,X'280'
* LOADING ANS COBOL & SORT FROM PRIV RELO ON RES11C
// EXEC MAINT
// DLBL IJSYSRL,'DOS.SYSRLB.FILE.VOLUME.3',99/365,SD
// EXTENT SYSRLB,SPOOL1,1,1,3320,100
// DLBL IJSYSSL,'DOS.SYSSLB.FILE.VOLUME.3',99/365,SD
// EXTENT SYSSLB,SPOOL1,1,1,3420,560
// ASSGN SYSRLB,X'191'
// ASSGN SYSSLB,X'191'
* LOADING 14XX EMU'S & AUTOTEST FROM PRIVATE RELO
// EXEC MAINT
* LOADING 14XX EMU PRIVATE SOURCE
// EXEC MAINT
EOJ MIGR03C
00.00.39,DURATION 00.00.18
// JOB MIGR03D  LOAD 14XX EMU PHASES, COBOL TRANSIENTS FROM RES11C
00.00.39
// ASSGN SYSIPT,X'280'
// OPTION CATAL
 INCLUDE
// EXEC LNKEDT
EOJ MIGR03D
00.00.40,DURATION 00.00.00
// JOB LINKASM  LINK THE 44K ASSEMBLER FOR STEP SYSGEN01
00.00.40
* LINK 44K ASSEMBLER
// OPTION CATAL
 INCLUDE IJYASM
// EXEC LNKEDT
EOJ LINKASM
00.00.40,DURATION 00.00.00
1C00A  ATTN. 0 0C.
