 
0I20I DOS IPL COMPLETE
ASSGN SYSRDR,X'00C'
ASSGN SYSIPT,X'00C'
ASSGN SYSPCH,X'00D'
ASSGN SYSLST,X'00E'
ASSGN SYS001,X'192'
ASSGN SYS002,X'192'
ASSGN SYS003,X'192'
ASSGN SYS004,X'192'
ASSGN SYSLNK,X'192'
1C00A  ATTN. 0 0C.
 
// JOB SYSGEN01   ASSEMBLE NEW SUPERVISOR
00.00.42
// PAUSE SCRATCH TAPE NEEDED ON X'280'
 
MTC REW,X'280'
MTC WTM,X'280',5
MTC REW,X'280'
// ASSGN SYSPCH,X'280'
// OPTION DECK
// EXEC ASSEMBLY
// EXEC ASSEMBLY
// RESET SYSPCH
MTC WTM,X'280',2
MTC REW,X'280'
EOJ SYSGEN01
00.00.53,DURATION 00.00.10
1C00A  ATTN. 0 0C.
 
1C00A  ATTN. 0 0C.
 
// JOB SYSGEN02  CATALOG NEW SUPERVISOR
00.01.33
* CATALOG SUPERVISOR, XSERV, $JOBACCT, ASSEMBLY
// PAUSE MOUNT TAPE FROM SYSGEN01 ON X'280'
 
MTC REW,X'280'
// ASSGN SYSIPT,X'280'
// OPTION CATAL
  ACTION CLEAR
  INCLUDE
// EXEC LNKEDT
   INCLUDE IJBSL3           RSERV
// EXEC LNKEDT
   INCLUDE IJBSL4           SSERV
// EXEC LNKEDT
   INCLUDE IJBSL5           CORGZ
// EXEC LNKEDT
   INCLUDE $JOBACCT         $JOBACCT
// EXEC LNKEDT
   INCLUDE IJYASM           44K ASSEMBLER
// EXEC LNKEDT
// RESET SYSIPT
MTC REW,X'280'
* RESPOND 'IGNORE' TO MSG 1C90D
1C90D  NEW SUPERVISOR CATALOGED. RESPONSE REQUIRED.
ignore
EOJ SYSGEN02
00.01.40,DURATION 00.00.06
1C00A  ATTN. 0 0C.
 
0I20I DOS IPL COMPLETE
BG  1C00A  ATTN. 0 0C.
BG
BG  // JOB SYSGEN3A  LINK STANDARD DUMP
   12.00.17
BG  // OPTION CATAL
BG    INCLUDE IJBDUMPS
BG  // EXEC LNKEDT
BG  EOJ SYSGEN3A
   12.00.17,DURATION 00.00.00
BG  // JOB SYSGEN3B  LINK INTERPRETED DUMP
   12.00.17
BG  // OPTION CATAL
BG    INCLUDE IJBDUMPT
BG  // EXEC LNKEDT
BG  EOJ SYSGEN3B
   12.00.17,DURATION 00.00.00
BG  // JOB SYSGEN3C  LINK EREP
   12.00.17
BG  // OPTION CATAL
BG    INCLUDE IJBECALL
BG  // EXEC LNKEDT
BG  EOJ SYSGEN3C
   12.00.18,DURATION 00.00.00
BG  // JOB SYSGEN3D  LINK PDAID FOR MULTIPROGRAMMING SYSTEM
   12.00.18
BG  // OPTION CATAL
BG     PHASE PDAID,+0
BG     INCLUDE IJBPDAID
BG  // EXEC LNKEDT
BG  EOJ SYSGEN3D
   12.00.18,DURATION 00.00.00
BG  // JOB SYSGEN3E  LINK PDAID LISTER FOR MULTIPROGRAMMING SYSTEM
   12.00.18
BG  // OPTION CATAL
BG     PHASE PDLIST,+0
BG     INCLUDE IJBPDLST
BG  // EXEC LNKEDT
BG  EOJ SYSGEN3E
   12.00.18,DURATION 00.00.00
BG  // JOB SYSGEN3F  LINK LSERV FOR MULTIPROGRAMMING SYSTEM
   12.00.18
BG  // OPTION CATAL
BG     PHASE LSERV,+0
BG     INCLUDE IJBLSERV
BG  // EXEC LNKEDT
BG  EOJ SYSGEN3F
   12.00.18,DURATION 00.00.00
BG  // JOB SYSGEN3G  LINK DUMP GENERATOR FOR MULTIPROGRAMMING SYSTEM
   12.00.18
BG  // OPTION CATAL
BG     PHASE DUMPGEN,+0
BG     INCLUDE IJBDMPGN
BG  // EXEC LNKEDT
BG  EOJ SYSGEN3G
   12.00.18,DURATION 00.00.00
BG  // JOB SYSGEN3H  LINK GROUPI UTILITY ASSIGN ALTERNATE TRK  360N-UT-461
   12.00.18
BG  // OPTION CATAL
BG     INCLUDE IJWAD
BG  // EXEC LNKEDT
BG  EOJ SYSGEN3H
   12.00.19,DURATION 00.00.00
BG  // JOB SYSGEN3I  LINK GROUP I UTILITY CARD TO DISK         360N-UT-461
   12.00.19
BG  // OPTION CATAL
BG     INCLUDE IJWCD
BG     PHASE CDDK5,IJWCDCS2,NOAUTO
BG     INCLUDE IJWLAB
BG  // EXEC LNKEDT
BG  EOJ SYSGEN3I
   12.00.19,DURATION 00.00.00
BG  // JOB SYSGEN3J  LINK GROUP I UTILITY CARD TO PRINTER/PNCH 360N-UT-461
   12.00.19
BG  // OPTION CATAL
BG     INCLUDE IJWCP
BG     PHASE CDPP5,IJWCPCS2,NOAUTO
BG     INCLUDE IJWLAB
BG  // EXEC LNKEDT
BG  EOJ SYSGEN3J
   12.00.19,DURATION 00.00.00
BG  // JOB SYSGEN3K  LINK GROUP I UTILITY CLEAR DISK           360N-UT-461
   12.00.19
BG  // OPTION CATAL
BG     INCLUDE IJWCLD
BG  // EXEC LNKEDT
BG  EOJ SYSGEN3K
   12.00.19,DURATION 00.00.00
BG  // JOB SYSGEN3L  LINK GROUP I UTILITY DISK TO CARD         360N-UT-461
   12.00.19
BG  // OPTION CATAL
BG     INCLUDE IJWDC
BG     PHASE DKCD5,IJWDCCS2,NOAUTO
BG     INCLUDE IJWLAB
BG  // EXEC LNKEDT
BG  EOJ SYSGEN3L
   12.00.20,DURATION 00.00.00
BG  // JOB SYSGEN3M  LINK GROUP I UTILITY DISK TO DISK         360N-UT-461
   12.00.20
BG  // OPTION CATAL
BG     INCLUDE IJWDD
BG     PHASE DKDK5,IJWDDCS2,NOAUTO
BG     INCLUDE IJWLAB
BG  // EXEC LNKEDT
BG  EOJ SYSGEN3M
   12.00.20,DURATION 00.00.00
BG  // JOB SYSGEN3N  LINK GROUP I UTILITY DISK TO PRINTER      360N-UT-461
   12.00.20
BG  // OPTION CATAL
BG     INCLUDE IJWDP
BG     PHASE DKPR5,IJWDPCS2,NOAUTO
BG     INCLUDE IJWLAB
BG  // EXEC LNKEDT
BG  EOJ SYSGEN3N
   12.00.20,DURATION 00.00.00
BG  // JOB SYSGEN3O  LINK GROUP I UTILITY INITIALIZE DISK      360N-UT-461
   12.00.20
BG  // OPTION CATAL
BG   INCLUDE IJWID
BG  // EXEC LNKEDT
BG  EOJ SYSGEN3O
   12.00.20,DURATION 00.00.00
BG  // JOB SYSGEN3P  LINK GROUP I UTILITY COPY DISK TO CARD    360N-UT-461
   12.00.20
BG  // OPTION CATAL
BG     INCLUDE IJWKC
BG  // LBLTYP NSD(10)
BG  // EXEC LNKEDT
BG  EOJ SYSGEN3P
   12.00.21,DURATION 00.00.00
BG  // JOB SYSGEN3Q  GROUP I UTILITY VTOC DISPLAY (MPS)        360N-UT-461
   12.00.21
BG  // OPTION CATAL
BG   INCLUDE IJWLVM
BG  // EXEC LNKEDT
BG  EOJ SYSGEN3Q
   12.00.21,DURATION 00.00.00
BG  // JOB SYSGEN3R  LINK GROUP I UTILITY RESTORE CARD TO DISK 360N-UT-461
   12.00.21
BG  // OPTION CATAL
BG     INCLUDE IJWRC
BG  // LBLTYP NSD(10)
BG  // EXEC LNKEDT
BG  EOJ SYSGEN3R
   12.00.21,DURATION 00.00.00
BG  // JOB SYSGEN3S  LINK GROUP I UTILITY COPY DISK TO DISK    360N-UT-461
   12.00.21
BG  // OPTION CATAL
BG     INCLUDE IJWRD
BG  // LBLTYP NSD(10)
BG  // EXEC LNKEDT
BG  EOJ SYSGEN3S
   12.00.21,DURATION 00.00.00
BG  // JOB SYSGEN3T  LINK GROUP II UTILITY INITIALIZE TAPE     360N-UT-462 L
   12.00.21
BG  // OPTION CATAL
BG     PHASE INTT,*,NOAUTO
BG     INCLUDE IJWIT
BG  // EXEC LNKEDT
BG  EOJ SYSGEN3T
   12.00.21,DURATION 00.00.00
BG  // JOB SYSGEN3U  LINK GROUP II UTILITY COPY DISK/DATA CELL TO TAPE
   12.00.21
BG  // OPTION CATAL
BG     INCLUDE IJWKT
BG  // LBLTYP NSD(10)
BG  // EXEC LNKEDT
BG  EOJ SYSGEN3U
   12.00.21,DURATION 00.00.00
BG  // JOB SYSGEN3V  LINK GROUP II UTILITY RESTORE TAPE TO DISK/DATA CELL
   12.00.21
BG  // OPTION CATAL
BG     INCLUDE IJWRT
BG  // LBLTYP NSD(10)
BG  // EXEC LNKEDT
BG  EOJ SYSGEN3V
   12.00.22,DURATION 00.00.00
BG  // JOB SYSGEN3W  LINK GROUP II UTILITY TAPE TO TAPE        360N-UT-462
   12.00.22
BG  // OPTION CATAL
BG     INCLUDE IJWTT
BG     PHASE TPTP5,IJWTTCS2,NOAUTO
BG     INCLUDE IJWLAB
BG  // LBLTYP TAPE
BG  // EXEC LNKEDT
BG  EOJ SYSGEN3W
   12.00.22,DURATION 00.00.00
BG  // JOB SYSGEN3X  LINK GROUP II UTILITY TAPE TO PRINTER     360N-UT-462
   12.00.22
BG  // OPTION CATAL
BG     INCLUDE IJWTP
BG     PHASE TPPR5,IJWTPCS2,NOAUTO
BG     INCLUDE IJWLAB
BG  // LBLTYP TAPE
BG  // EXEC LNKEDT
BG  EOJ SYSGEN3X
   12.00.22,DURATION 00.00.00
BG  // JOB SYSGEN3Y  LINK GROUP II UTILITY TAPE TO DISK        360N-UT-462
   12.00.22
BG  // OPTION CATAL
BG     INCLUDE IJWTD
BG     PHASE TPDK5,IJWTDCS2,NOAUTO
BG     INCLUDE IJWLAB
BG  // LBLTYP TAPE
BG  // EXEC LNKEDT
BG  EOJ SYSGEN3Y
   12.00.22,DURATION 00.00.00
BG  // JOB SYSGEN3Z  LINK GROUP II UTILITY TAPE COMPARE        360N-UT-462
   12.00.22
BG  // OPTION CATAL
BG     PHASE TPCP,*,NOAUTO
BG     INCLUDE IJWTCP
BG     INCLUDE IJJCPD0
BG     INCLUDE IJWXIT
BG     INCLUDE IJWTPCP
BG  // LBLTYP TAPE
BG  // EXEC LNKEDT
BG  EOJ SYSGEN3Z
   12.00.22,DURATION 00.00.00
BG  // JOB SYSGEN31  LINK GROUP II UTILITY TAPE TO CARD        360N-UT-462
   12.00.22
BG  // OPTION CATAL
BG     INCLUDE IJWTC
BG     PHASE TPCD5,IJWTCCS2,NOAUTO
BG     INCLUDE IJWLAB
BG  // LBLTYP TAPE
BG  // EXEC LNKEDT
BG  EOJ SYSGEN31
   12.00.23,DURATION 00.00.00
BG  // JOB SYSGEN32  LINK GROUP II UTILITY DISK TO TAPE        360N-UT-462
   12.00.23
BG  // OPTION CATAL
BG     INCLUDE IJWDT
BG     PHASE DKTP5,IJWDTCS2,NOAUTO
BG     INCLUDE IJWLAB
BG  // LBLTYP TAPE
BG  // EXEC LNKEDT
BG  EOJ SYSGEN32
   12.00.23,DURATION 00.00.00
BG  // JOB SYSGEN33  LINK GROUP II UTILITY CARD TO TAPE        360N-UT-462
   12.00.23
BG  // OPTION CATAL
BG     INCLUDE IJWCT
BG     PHASE CDTP5,IJWCTCS2,NOAUTO
BG     INCLUDE IJWLAB
BG  // LBLTYP TAPE
BG  // EXEC LNKEDT
BG  EOJ SYSGEN33
   12.00.23,DURATION 00.00.00
BG  // JOB SYSGEN34  LINK VOCABULARY FILE UTILITY PROGRAM      360N-UT-472
   12.00.23
BG  // OPTION CATAL
BG     INCLUDE IJNVOC
BG  // LBLTYP NSD(01)
BG  // EXEC LNKEDT
BG  EOJ SYSGEN34
   12.00.23,DURATION 00.00.00
BG  // JOB SYSGEN34  LINK OLTEP                                360N-DN-481
   12.00.23
BG  // OPTION CATAL
BG     INCLUDE IJZABOOK
BG  // EXEC LNKEDT
BG  EOJ SYSGEN34
   12.00.25,DURATION 00.00.01
BG  // JOB SYSGEN34  LINK LANGUAGE CONVERSION PROGRAM          360N-CV-489
   12.00.25
BG  // OPTION CATAL
BG    INCLUDE IKLLCP
BG  // EXEC LNKEDT
BG  EOJ SYSGEN34
   12.00.26,DURATION 00.00.01
BG  1C00A  ATTN. 0 0C.
BG
BG  // JOB SYSGEN03  ZAPRELO ASSEMBLE AND CATALOG
   12.00.42
BG  // OPTION CATAL
BG   PHASE ZAPRELO,S
BG  // EXEC ASSEMBLY
BG  // EXEC LNKEDT
BG  EOJ SYSGEN03
   12.00.42,DURATION 00.00.00
BG  1C00A  ATTN. 0 0C.
BG
BG  // JOB FIXCBL51
   12.01.05
BG  // DLBL IJSYSPH,'DOS.BG.WORKFILE.004',0,SD
BG  // EXTENT SYSPCH,WRK14A,1,1,2600,100  (IJSYS04)
BG  ASSGN SYSPCH,X'192'
BG  // EXEC RSERV
BG  CLOSE SYSPCH,X'00D'
BG  // DLBL UIN,'DOS.BG.WORKFILE.004',0,SD
BG  // EXTENT SYS004,WRK14A,1,1,2600,100  (IJSYS04)
BG  // DLBL UOUT,'DOS.BG.WORKFILE.004.2',0,SD
BG  // EXTENT SYS005,WRK14A,1,1,2700,100  (IJSYS04)
BG  // ASSGN SYS000,X'00C'
BG  // ASSGN SYS004,X'192'
BG  // ASSGN SYS005,X'192'
BG  // EXEC ZAPRELO
BG  // DLBL IJSYSIN,'DOS.BG.WORKFILE.004.2',0,SD
BG  // EXTENT SYSIPT,WRK14A,1,1,2700,100  (IJSYS04)
BG  ASSGN SYSIPT,X'192'
BG  // EXEC MAINT
BG  CLOSE SYSIPT,X'00C'
BG  // EXEC RSERV
BG  EOJ FIXCBL51
   12.01.07,DURATION 00.00.02
BG  ASSGN SYSIPT,X'00C'   OR CLOSE SYSIPT,X'00C' IF JOB CANCELS
BG  1C00A  ATTN. 0 0C.
BG
BG  // JOB SYSGEN4A   LINK DISK S/M WITH OPTION 1              360N-SM-450
   12.01.33
BG  *   ENTIRE SORT/MERGE PROGRAM
BG  // OPTION CATAL
BG     INCLUDE IJOSM
BG  // EXEC LNKEDT
BG  EOJ SYSGEN4A
   12.01.34,DURATION 00.00.01
BG  // JOB SYSGEN4B   LINK TAPE AND DISK S/M WITH OPTION 1     360N-SM-483
   12.01.34
BG  *   ENTIRE SORT/MERGE PROGRAM
BG  // OPTION CATAL
BG     INCLUDE ILHSALL
BG  // EXEC LNKEDT
BG  EOJ SYSGEN4B
   12.01.35,DURATION 00.00.01
BG  1C00A  ATTN. 0 0C.
BG
BG  // JOB SYSGEN05   RENAME PL/ID RUNTIME FOR SYSFIL SUPPORT
   12.01.59
BG  * RENAME PL/I RUNTIME MODULES
BG  // EXEC MAINT
BG  EOJ SYSGEN05
   12.01.59,DURATION 00.00.00
BG  1C00A  ATTN. 0 0C.
BG
BG  // JOB SYSGEN06   ESTABLISH PRIV CIL FOR F2 ON WRK14B
   12.02.26
BG  // DLBL IJSYSPC,'DOS.F2.PRIVATE.CORE.LIB',99/365,SD
BG  // EXTENT SYS003,WRK14B,1,1,20,1000
BG  // ASSGN SYS003,X'193'
BG  // EXEC CORGZ
BG  EOJ SYSGEN06
   12.02.27,DURATION 00.00.00
BG  1C00A  ATTN. 0 0C.
BG
BG  // JOB SYSGEN7B   LINK BASIC FORTRAN IV                    360N-FO-451
   12.02.44
BG  // OPTION CATAL
BG     INCLUDE IJTFO
BG  // EXEC LNKEDT
BG  EOJ SYSGEN7B
   12.02.44,DURATION 00.00.00
BG  // JOB SYSGEN7C   LINK COBOL D                             360N-CB-452
   12.02.44
BG  // OPTION CATAL
BG     INCLUDE IJSCBD
BG  // EXEC LNKEDT
BG     INCLUDE IJSDDB
BG  // EXEC LNKEDT
BG  EOJ SYSGEN7C
   12.02.46,DURATION 00.00.01
BG  // JOB SYSGEN7D   LINK RPG                                 360N-RG-460
   12.02.46
BG  // OPTION CATAL
BG     INCLUDE IJRRG
BG  // EXEC LNKEDT
BG  EOJ SYSGEN7D
   12.02.47,DURATION 00.00.00
BG  // JOB SYSGEN7E   LINK PL/I D COMPILER WITH SYSFIL SUPPORT
   12.02.47
BG  * LINK PL/ID (SYSIPT,PCH,LST MAY BE ON 2311 OR 2314.       360N-PL-464
BG  // OPTION CATAL
BG     INCLUDE IJXPLID
BG  // EXEC LNKEDT
BG  EOJ SYSGEN7E
   12.02.50,DURATION 00.00.03
BG  // JOB SYSGEN7F   LINK FORTRAN IV                          360N-FO-479
   12.02.50
BG  // OPTION CATAL
BG     INCLUDE ILFFO
BG  // EXEC LNKEDT
BG  EOJ SYSGEN7F
   12.02.51,DURATION 00.00.00
BG  // JOB SYSGEN7G   LINK AMERICAN NATIONAL STANDARD COBOL    360N-CB-482
   12.02.51
BG  // OPTION CATAL
BG    INCLUDE ILACBD
BG  // EXEC LNKEDT
BG  EOJ SYSGEN7G
   12.02.52,DURATION 00.00.01
BG  1C00A  ATTN. 0 0C.
BG
BG  // JOB SYSGEN8A  DITTO ASSEMBLE AND CATALOG
   12.03.07
BG  // OPTION CATAL,LOG
BG     PHASE DITTO,+0
BG  // EXEC ASSEMBLY
BG  // EXEC LNKEDT
BG  EOJ SYSGEN8A
   12.03.09,DURATION 00.00.02
BG  // JOB SYSGEN8B   $$BDITFP  DITTO FILE PROTECT TRANSIENT
   12.03.09
BG  // OPTION CATAL,LOG
BG     PHASE $$BDITFP,+0
BG  // EXEC ASSEMBLY
BG  // EXEC LNKEDT
BG  EOJ SYSGEN8B
   12.03.10,DURATION 00.00.00
BG  // JOB SYSGEN8C   $$BDITAN DITTO TEMPORARY ASSGN TRANSIENT
   12.03.10
BG  // OPTION CATAL,LOG
BG     PHASE $$BDITAN,+0
BG  // EXEC ASSEMBLY
BG  // EXEC LNKEDT
BG  EOJ SYSGEN8C
   12.03.10,DURATION 00.00.00
BG  1C00A  ATTN. 0 0C.
BG
BG  // JOB SYSGEN9A   FIXISMOD CORRECT DOS R26.2 ISAM BUG FOR RAN.RET. NRF
   12.03.28
BG  // EXEC MAINT
BG  // DLBL IJSYSPH,'DOS.BG.WORKFILE.004',0,SD
BG  // EXTENT SYSPCH,WRK14A,1,1,2600,300
BG  ASSGN SYSPCH,X'192'
BG  EOJ SYSGEN9A
   12.03.28,DURATION 00.00.00
BG  // JOB SYSGEN9B   RECATALR IBM SUPPLIED ISAM MODULES
   12.03.28
BG  // OPTION DECK,NOXREF
BG  // EXEC ASSEMBLY
BG  // EXEC ASSEMBLY
BG  // EXEC ASSEMBLY
BG  // EXEC ASSEMBLY
BG  // EXEC ASSEMBLY
BG  // EXEC ASSEMBLY
BG  // EXEC ASSEMBLY
BG  // EXEC ASSEMBLY
BG  // EXEC ASSEMBLY
BG  // EXEC ASSEMBLY
BG  // EXEC ASSEMBLY
BG  // EXEC ASSEMBLY
BG  // EXEC ASSEMBLY
BG  // EXEC ASSEMBLY
BG  // EXEC ASSEMBLY
BG  // EXEC ASSEMBLY
BG  // EXEC ASSEMBLY
BG  // EXEC ASSEMBLY
BG  // EXEC ASSEMBLY
BG  // EXEC ASSEMBLY
BG  // EXEC ASSEMBLY
BG  // EXEC ASSEMBLY
BG  // EXEC ASSEMBLY
BG  // EXEC ASSEMBLY
BG  // EXEC ASSEMBLY
BG  // EXEC ASSEMBLY
BG  // EXEC ASSEMBLY
BG  // EXEC ASSEMBLY
BG  // EXEC ASSEMBLY
BG  CLOSE SYSPCH,X'00D'
BG  // DLBL UIN,'DOS.BG.WORKFILE.004',0,SD
BG  // EXTENT SYS004,WRK14A
BG  // DLBL UOUT,'DOS.BG.WORKFILE.001',0,SD
BG  // EXTENT SYS005,WRK14A,1,1,1700,300
BG  // ASSGN SYS004,X'192'       INPUT SYSPCH FILE 81-BYTE RECORDS
BG  // ASSGN SYS005,X'192'       OUTPUT SYSIPT FILE 80-BYTE RECORDS
BG  // EXEC DKDK                 DISK TO DISK
BG  // DLBL IJSYSIN,'DOS.BG.WORKFILE.001',0,SD
BG  // EXTENT SYSIPT,WRK14A,1,1,1700,300
BG  ASSGN SYSIPT,X'192'
BG  // EXEC MAINT
BG  CLOSE SYSIPT,X'00C'
BG  EOJ SYSGEN9B
   12.04.11,DURATION 00.00.42
BG  ASSGN SYSPCH,X'00D'   OR CLOSE SYSPCH,X'00D'
BG  ASSGN SYSIPT,X'00C'   OR CLOSE SYSPCH,X'00C'
BG  1C00A  ATTN. 0 0C.
BG
BG  // JOB MAINT CONDENSE SYSRES AND PRIVATE LIBS
   13.40.04
BG  // EXEC MAINT
BG  3M80I REORGANIZATION OF RELOCATABLE LIBRARY IN PROGRESS
BG  3M80I REORGANIZATION OF SOURCE STATEMENT LIBRARY IN PROGRESS
BG  3M80I REORGANIZATION OF CORE IMAGE LIBRARY IN PROGRESS
BG  // DLBL IJSYSRL,'DOS.SYSRLB.FILE.VOLUME.3',99/365,SD
BG  // EXTENT SYSRLB,SPOOL1,1,1,3180,240
BG  // DLBL IJSYSSL,'DOS.SYSSLB.FILE.VOLUME.3',99/365,SD
BG  // EXTENT SYSSLB,SPOOL1,1,1,3420,560
BG  // ASSGN SYSRLB,X'191'
BG  // ASSGN SYSSLB,X'191'
BG  // EXEC MAINT
BG  3M80I REORGANIZATION OF RELOCATABLE LIBRARY IN PROGRESS
BG  3M80I REORGANIZATION OF SOURCE STATEMENT LIBRARY IN PROGRESS
BG  EOJ MAINT
   13.40.09,DURATION 00.00.05
BG  1C00A  ATTN. 0 0C.
BG
BG  // JOB POWER01 CATALOG POWER RELO AND SOURCE
   13.40.46
BG  * DEBLOCK POWER TO SCRATCH TAPE, 1 FILE
BG  // ASSGN SYS004,X'280'                  INPUT TAPE
BG  // ASSGN SYS005,X'281'                  OUTPUT TAPE
BG  // UPSI 10100000                        USE UNLABELED TAPES
BG  * RESPOND 'Y' TO MSG '8001D IS IT EOF'
BG  // EXEC TPTP
BG   8001D IS IT EOF
Y
BG  // DLBL IJSYSRL,'POWER.PRIVATE.RELO',99/365,SD
BG  // EXTENT SYSRLB,SPOOL1,1,1,2940,100
BG  // DLBL IJSYSSL,'POWER.PRIVATE.SOURCE',99/365,SD
BG  // EXTENT SYSSLB,SPOOL1,1,1,3040,140
BG  // ASSGN SYSRLB,X'191'
BG  // ASSGN SYSSLB,X'191'
BG  // EXEC CORGZ
BG  // ASSGN SYSIPT,X'281'
BG  // MTC REW,SYSIPT
BG  // MTC FSF,SYSIPT,1  SKIP LEADING TAPE MARK
BG  // EXEC MAINT      SL - BASE FUNCTION
BG  // EXEC MAINT      RL - BASE FUNCTION
BG  // EXEC MAINT      SL - RJE OPTION
BG  // EXEC MAINT      RL - RJE OPTION
BG  // MTC REW,SYSIPT
BG  // ASSGN SYSIPT,X'00C'
BG  // EXEC DSERV
BG  EOJ POWER01
   13.40.54,DURATION 00.00.07
BG  1C00A  ATTN. 0 0C.
BG
BG  // JOB POWER02    PWRGEN ASSEMBLE POWER
   13.41.12
BG  // DLBL IJSYSRL,'POWER.PRIVATE.RELO',99/365,SD
BG  // EXTENT SYSRLB,SPOOL1
BG  // DLBL IJSYSSL,'POWER.PRIVATE.SOURCE',99/365,SD
BG  // EXTENT SYSSLB,SPOOL1
BG  // ASSGN SYSRLB,X'191'
BG  // ASSGN SYSSLB,X'191'
BG  // OPTION CATAL
BG     ACTION F1
BG  // EXEC ASSEMBLY
BG  // EXEC LNKEDT
BG  EOJ POWER02
   13.41.17,DURATION 00.00.05
BG  1C00A  ATTN. 0 0C.
BG
BG  // JOB POWER03   LINK POWER
   14.08.22
BG  // DLBL IJSYSRL,'POWER.PRIVATE.RELO',99/365,SD
BG  // EXTENT SYSRLB,SPOOL1
BG  // DLBL IJSYSSL,'POWER.PRIVATE.SOURCE',99/365,SD
BG  // EXTENT SYSSLB,SPOOL1
BG  // ASSGN SYSRLB,X'191'
BG  // ASSGN SYSSLB,X'191'
BG  // OPTION CATAL
BG     INCLUDE POWEROBJ
BG  // EXEC LNKEDT
BG  EOJ POWER03
   14.08.23,DURATION 00.00.00
BG  1C00A  ATTN. 0 0C.
BG  assgn  syslst,ua
BG  assgn sysin,ua
BG  stop
batch f1
AR  1I60A  READY FOR COMMUNICATIONS.
AR  F1  assgn sysin,x'00c'
F1
F1  1C00A  ATTN. 0 0C.
F1
F1  // JOB POWER04   POWER LOAD F1 PARSTD
   14.10.30
F1  // PAUSE MUST RUN IN F1
F1
F1  EOJ POWER04
   14.11.28,DURATION 00.00.58
F1  1C00A  ATTN. 0 0C.
F1  unbatch
start bg
AR  1I60A  READY FOR COMMUNICATIONS.
AR  BG  assgn sysin,x'00c'
BG
BG  ASSGN SYSLST,X'00E'
BG  // JOB POWER05  LOAD POWER STARTUP JCL
   14.12.45
BG  // DLBL   UOUT,'POWER360.STARTUP.JCL',99/365,SD
BG  // EXTENT SYS005,SPOOL1,1,1,1,2
BG  // ASSGN SYS004,X'00C'       INPUT CARD DECK,
BG  // ASSGN SYS005,X'191'       OUTPUT TO SPOOL1 VOLUME
BG  // UPSI 00000000             STANDARD LABELS ON OUTPUT
BG  // EXEC CDDK                 CARD TO DISK
BG  // DLBL   UIN,'POWER360.STARTUP.JCL',99/365,SD
BG  // EXTENT SYS004,SPOOL1
BG  // ASSGN SYS004,X'191'       INPUT FROM IJSYSIN FILE CREATED ABOVE
BG  // ASSGN SYS005,X'00E'       OUTPUT TO PRINTER
BG  // UPSI 00000000             STANDARD LABELS ON INPUT
BG  // EXEC DKPR                 DISK TO PRINT
BG  EOJ POWER05
   14.12.45,DURATION 00.00.00
BG  1C00A  ATTN. 0 0C.
BG  stop
batch f1
AR  1I60A  READY FOR COMMUNICATIONS.
AR  F1  assgn sysin,x'191'
F1
F1  // JOB POWER STARTUP
   14.13.36
F1  FORMAT Q'S ? d
F1  BATCH PARTITION(S) MAY NOW BE STARTED
F1  $OPC14I 03 PROG BUFFERS
F1  $OPC15I 17 DATA BUFFERS
s prt,00e
AR  1I60A  READY FOR COMMUNICATIONS.
AR  s pun,00d
AR  1I60A  READY FOR COMMUNICATIONS.
AR  s rdr,00c
AR  1I60A  READY FOR COMMUNICATIONS.
AR  F1  XXR00C CLOSED
start bg
AR  1I60A  READY FOR COMMUNICATIONS.
AR  BG
BG  // JOB STARTBG START UP BG PARTITION
   14.14.19
BG  // OPTION NODUMP
BG  ASSGN SYSPCH,X'00D'
BG  ASSGN SYSLST,X'00E'
BG  EOJ STARTBG
   14.14.19,DURATION 00.00.00
F1  $BG WAITING FOR WORK
batch f2
AR  1I60A  READY FOR COMMUNICATIONS.
AR  F2
F2  // JOB STARTF2 START F2 PARTITION
   14.14.26
F2  EOJ STARTF2
   14.14.26,DURATION 00.00.00
F1  $F2 WAITING FOR WORK
F1  XXR00C CLOSED
F2  // JOB POWER7A  LINK LIBRARY UTILITIES FOR F2
   14.14.26
F2  EOJ POWER7A
   14.15.20,DURATION 00.00.53
F2  // JOB POWER7A  LINK EREP
   14.15.20
F2  EOJ POWER7A
   14.15.21,DURATION 00.00.00
F2  // JOB POWER7B LINK GROUPI UTILITY TO ASSIGN ALTERNATE TRK 360N-UT-461
   14.15.21
F2  EOJ POWER7B
   14.15.21,DURATION 00.00.00
F2  // JOB POWER7C  LINK GROUP I UTILITY CARD TO DISK          360N-UT-461
   14.15.21
F2  EOJ POWER7C
   14.15.21,DURATION 00.00.00
F2  // JOB POWER7D  LINK GROUP I UTILITY CARD TO PRINTER/PUNCH 360N-UT-461
   14.15.21
F2  EOJ POWER7D
   14.15.22,DURATION 00.00.00
F2  // JOB POWER7E  LINK GROUP I UTILITY CLEAR DISK            360N-UT-461
   14.15.22
F2  EOJ POWER7E
   14.15.22,DURATION 00.00.00
F2  // JOB POWER7F  LINK GROUP I UTILITY DISK TO CARD          360N-UT-461
   14.15.22
F2  EOJ POWER7F
   14.15.22,DURATION 00.00.00
F2  // JOB POWER7G  LINK GROUP I UTILITY DISK TO DISK          360N-UT-461
   14.15.22
F2  EOJ POWER7G
   14.15.22,DURATION 00.00.00
F2  // JOB POWER7H  LINK GROUP I UTILITY DISK TO PRINTER       360N-UT-461
   14.15.22
F2  EOJ POWER7H
   14.15.23,DURATION 00.00.00
F2  // JOB POWER7I  LINK GROUP I UTILITY INITIALIZE DISK       360N-UT-461
   14.15.23
F2  EOJ POWER7I
   14.15.23,DURATION 00.00.00
F2  // JOB POWER7J  LINK GROUP I UTILITY COPY DISK TO CARD     360N-UT-461
   14.15.23
F2  EOJ POWER7J
   14.15.23,DURATION 00.00.00
F2  // JOB POWER7K  LINK GROUP I UTILITY RESTORE CARD TO DISK  360N-UT-461
   14.15.23
F2  EOJ POWER7K
   14.15.23,DURATION 00.00.00
F2  // JOB POWER7L  LINK GROUP I UTILITY COPY DISK TO DISK     360N-UT-461
   14.15.23
F2  EOJ POWER7L
   14.15.23,DURATION 00.00.00
F2  // JOB POWER7M  LINK GROUP II UTILITY INITIALIZE TAPE       360N-UT-462
   14.15.23
F2  EOJ POWER7M
   14.15.24,DURATION 00.00.00
F2  // JOB POWER7N  LINK GROUP II UTILITY COPY DISK/DATA CELL TO TAPE
   14.15.24
F2  EOJ POWER7N
   14.15.24,DURATION 00.00.00
F2  // JOB POWER7O  LINK GROUP II UTILITY RESTORE TAPE TO DISK/DATA CELL
   14.15.24
F2  EOJ POWER7O
   14.15.24,DURATION 00.00.00
F2  // JOB POWER7P  LINK GROUP II UTILITY TAPE TO TAPE         360N-UT-462
   14.15.24
F2  EOJ POWER7P
   14.15.25,DURATION 00.00.00
F2  // JOB POWER7Q  LINK GROUP II UTILITY TAPE TO PRINTER      360N-UT-462
   14.15.25
F2  EOJ POWER7Q
   14.15.25,DURATION 00.00.00
F2  // JOB POWER7R  LINK GROUP II UTILITY TAPE TO DISK         360N-UT-462
   14.15.25
F2  EOJ POWER7R
   14.15.25,DURATION 00.00.00
F2  // JOB POWER7S  LINK GROUP II UTILITY TAPE COMPARE         360N-UT-462
   14.15.25
F2  EOJ POWER7S
   14.15.25,DURATION 00.00.00
F2  // JOB POWER7T  LINK GROUP II UTILITY TAPE TO CARD         360N-UT-462
   14.15.25
F2  EOJ POWER7T
   14.15.26,DURATION 00.00.00
F2  // JOB POWER7U  LINK GROUP II UTILITY DISK TO TAPE         360N-UT-462
   14.15.26
F2  EOJ POWER7U
   14.15.26,DURATION 00.00.00
F2  // JOB POWER7V  LINK GROUP II UTILITY CARD TO TAPE         360N-UT-462
   14.15.26
F2  EOJ POWER7V
   14.15.26,DURATION 00.00.00
F2  // JOB POWER7W  LINK VOCABULARY FILE UTILITY PROGRAM       360N-UT-472
   14.15.26
F2  EOJ POWER7W
   14.15.26,DURATION 00.00.00
F2  // JOB POWER7X  LINK OLTEP                                 360N-DN-481
   14.15.26
F2  EOJ POWER7X
   14.15.28,DURATION 00.00.01
F2  // JOB POWER7Y  LINK LANGUAGE CONVERSION PROGRAM           360N-CV-489
   14.15.28
F2  EOJ POWER7Y
   14.15.29,DURATION 00.00.01
F1  $F2 WAITING FOR WORK
F1  XXR00C CLOSED
F2  // JOB POWER8A  LINK DISK S/M WITH OPTION 1                360N-SM-450
   14.15.29
F2  *   ENTIRE SORT/MERGE PROGRAM
F2  EOJ POWER8A
   14.26.36,DURATION 00.11.06
F2  // JOB POWER8B  LINK TAPE AND DISK S/M WITH OPTION 1       360N-SM-483
   14.26.36
F2  *   ENTIRE SORT/MERGE PROGRAM
F2  EOJ POWER8B
   14.26.37,DURATION 00.00.01
F1  $F2 WAITING FOR WORK
F1  XXR00C CLOSED
F2  // JOB POWER9A  LINK  44K ASSEMBLER
   14.26.37
F2  EOJ POWER9A
   14.28.33,DURATION 00.01.55
F2  // JOB POWER9B  LINK BASIC FORTRAN IV                      360N-FO-451
   14.28.33
F2  EOJ POWER9B
   14.28.33,DURATION 00.00.00
F2  // JOB POWER9C  LINK COBOL                                 360N-CB-452
   14.28.33
F2  EOJ POWER9C
   14.28.34,DURATION 00.00.01
F2  // JOB POWER9D  LINK RPG                                   360N-RG-460
   14.28.34
F2  EOJ POWER9D
   14.28.35,DURATION 00.00.00
F2  // JOB POWER9E  LINK PL/ID COMPILER WITH SYSFIL SUPPORT
   14.28.35
F2  * LINK PL/ID (SYSIPT,PCH,LST MAY BE ON 2311 OR 2314)       360N-PL-464
F2  EOJ POWER9E
   14.28.38,DURATION 00.00.03
F2  // JOB POWER9F  LINK FORTRAN IV                            360N-FO-479
   14.28.38
F2  EOJ POWER9F
   14.28.39,DURATION 00.00.00
F2  // JOB POWER9G  LINK AMERICAN NATIONAL STANDARD COBOL      360N-CB-482
   14.28.39
F2  EOJ POWER9G
   14.28.40,DURATION 00.00.01
F1  $F2 WAITING FOR WORK
e
AR  1I60A  READY FOR COMMUNICATIONS.
AR  F1  XXR00C STOPPED
F1  XXP00D STOPPED
F1  XXT00E STOPPED
F1  EOJ POWER
   14.28.55,DURATION 00.15.19
F1  1C10A  PLEASE ASSIGN SYSRDR.
F1  unbatch
F2  1C10A  PLEASE ASSIGN SYSRDR.
F2  unbatch
BG  1C10A  PLEASE ASSIGN SYSRDR.
BG  stop
